\BOOKMARK [0][-]{chapter*.1}{\376\377\000A\000b\000s\000t\000r\000a\000c\000t}{}% 1
\BOOKMARK [0][-]{chapter.1}{\376\377\000I\000n\000t\000r\000o\000d\000u\000c\000t\000i\000o\000n}{}% 2
\BOOKMARK [1][-]{section.1.1}{\376\377\000I\000n\000t\000r\000o\000d\000u\000c\000t\000i\000o\000n}{chapter.1}% 3
\BOOKMARK [1][-]{section.1.2}{\376\377\000B\000a\000c\000k\000g\000r\000o\000u\000n\000d\000\040\000/\000\040\000P\000r\000o\000b\000l\000e\000m\000\040\000S\000t\000a\000t\000e\000m\000e\000n\000t}{chapter.1}% 4
\BOOKMARK [1][-]{section.1.3}{\376\377\000O\000b\000j\000e\000c\000t\000i\000v\000e\000s}{chapter.1}% 5
\BOOKMARK [1][-]{section.1.4}{\376\377\000S\000c\000o\000p\000e\000\040\000o\000f\000\040\000t\000h\000e\000\040\000W\000o\000r\000k}{chapter.1}% 6
\BOOKMARK [1][-]{section.1.5}{\376\377\000U\000n\000f\000a\000m\000i\000l\000i\000a\000r\000i\000t\000y\000\040\000o\000f\000\040\000t\000h\000e\000\040\000P\000r\000o\000b\000l\000e\000m\000\040\000/\000\040\000N\000o\000v\000e\000l\000t\000y}{chapter.1}% 7
\BOOKMARK [1][-]{section.1.6}{\376\377\000P\000r\000o\000j\000e\000c\000t\000\040\000P\000l\000a\000n\000n\000i\000n\000g\000\040\000a\000n\000d\000\040\000W\000o\000r\000k\000\040\000D\000i\000s\000t\000r\000i\000b\000u\000t\000i\000o\000n}{chapter.1}% 8
\BOOKMARK [2][-]{subsection.1.6.1}{\376\377\000W\000o\000r\000k\000\040\000D\000i\000s\000t\000r\000i\000b\000u\000t\000i\000o\000n\000\040\000\050\000f\000o\000r\000\040\000t\000w\000o\000\040\000o\000r\000\040\000m\000o\000r\000e\000\040\000s\000t\000u\000d\000e\000n\000t\000s\000\051}{section.1.6}% 9
\BOOKMARK [1][-]{section.1.7}{\376\377\000A\000p\000p\000l\000i\000c\000a\000t\000i\000o\000n\000s\000\040\000o\000f\000\040\000t\000h\000e\000\040\000W\000o\000r\000k}{chapter.1}% 10
\BOOKMARK [1][-]{section.1.8}{\376\377\000O\000r\000g\000a\000n\000i\000z\000a\000t\000i\000o\000n\000\040\000o\000f\000\040\000t\000h\000e\000\040\000P\000r\000o\000j\000e\000c\000t}{chapter.1}% 11
\BOOKMARK [0][-]{chapter.2}{\376\377\000R\000e\000l\000a\000t\000e\000d\000\040\000W\000o\000r\000k\000s}{}% 12
\BOOKMARK [1][-]{section.2.1}{\376\377\000I\000n\000t\000r\000o\000d\000u\000c\000t\000i\000o\000n}{chapter.2}% 13
\BOOKMARK [1][-]{section.2.2}{\376\377\000R\000e\000l\000a\000t\000e\000d\000\040\000W\000o\000r\000k\000s}{chapter.2}% 14
\BOOKMARK [1][-]{section.2.3}{\376\377\000C\000o\000m\000p\000a\000r\000a\000t\000i\000v\000e\000\040\000A\000n\000a\000l\000y\000s\000i\000s}{chapter.2}% 15
\BOOKMARK [1][-]{section.2.4}{\376\377\000D\000i\000s\000c\000u\000s\000s\000i\000o\000n}{chapter.2}% 16
\BOOKMARK [0][-]{chapter.3}{\376\377\000M\000e\000t\000h\000o\000d\000o\000l\000o\000g\000y}{}% 17
\BOOKMARK [1][-]{section.3.1}{\376\377\000I\000n\000t\000r\000o\000d\000u\000c\000t\000i\000o\000n}{chapter.3}% 18
\BOOKMARK [1][-]{section.3.2}{\376\377\000D\000e\000t\000a\000i\000l\000e\000d\000\040\000M\000e\000t\000h\000o\000d\000o\000l\000o\000g\000y}{chapter.3}% 19
\BOOKMARK [2][-]{subsection.3.2.1}{\376\377\000P\000r\000o\000b\000l\000e\000m\000\040\000D\000e\000s\000i\000g\000n\000\040\000a\000n\000d\000\040\000A\000n\000a\000l\000y\000s\000i\000s}{section.3.2}% 20
\BOOKMARK [2][-]{subsection.3.2.2}{\376\377\000O\000v\000e\000r\000a\000l\000l\000\040\000F\000r\000a\000m\000e\000w\000o\000r\000k\000\040\000/\000\040\000F\000l\000o\000w\000c\000h\000a\000r\000t}{section.3.2}% 21
\BOOKMARK [2][-]{subsection.3.2.3}{\376\377\000C\000o\000r\000e\000\040\000A\000l\000g\000o\000r\000i\000t\000h\000m\000i\000c\000\040\000L\000o\000g\000i\000c}{section.3.2}% 22
\BOOKMARK [1][-]{section.3.3}{\376\377\000S\000y\000s\000t\000e\000m\000\040\000D\000e\000c\000o\000m\000p\000o\000s\000i\000t\000i\000o\000n}{chapter.3}% 23
\BOOKMARK [1][-]{section.3.4}{\376\377\000D\000a\000t\000a\000\040\000M\000o\000d\000e\000l\000\040\000D\000e\000s\000i\000g\000n}{chapter.3}% 24
\BOOKMARK [1][-]{section.3.5}{\376\377\000T\000e\000s\000t\000i\000n\000g\000\040\000M\000e\000t\000h\000o\000d\000o\000l\000o\000g\000y}{chapter.3}% 25
\BOOKMARK [2][-]{subsection.3.5.1}{\376\377\000F\000u\000n\000c\000t\000i\000o\000n\000a\000l\000\040\000T\000e\000s\000t\000s}{section.3.5}% 26
\BOOKMARK [2][-]{subsection.3.5.2}{\376\377\000P\000o\000l\000i\000c\000y\000\040\000T\000e\000s\000t\000s}{section.3.5}% 27
\BOOKMARK [2][-]{subsection.3.5.3}{\376\377\000S\000t\000r\000e\000s\000s\000\040\000a\000n\000d\000\040\000R\000e\000s\000i\000l\000i\000e\000n\000c\000e\000\040\000C\000h\000e\000c\000k\000s}{section.3.5}% 28
\BOOKMARK [1][-]{section.3.6}{\376\377\000C\000o\000n\000c\000l\000u\000s\000i\000o\000n}{chapter.3}% 29
\BOOKMARK [0][-]{chapter.4}{\376\377\000I\000m\000p\000l\000e\000m\000e\000n\000t\000a\000t\000i\000o\000n\000,\000\040\000R\000e\000s\000u\000l\000t\000s\000\040\000a\000n\000d\000\040\000D\000i\000s\000c\000u\000s\000s\000i\000o\000n\000s}{}% 30
\BOOKMARK [1][-]{section.4.1}{\376\377\000I\000n\000t\000r\000o\000d\000u\000c\000t\000i\000o\000n}{chapter.4}% 31
\BOOKMARK [1][-]{section.4.2}{\376\377\000F\000r\000o\000n\000t\000e\000n\000d\000\040\000I\000m\000p\000l\000e\000m\000e\000n\000t\000a\000t\000i\000o\000n\000\040\000D\000e\000t\000a\000i\000l\000s}{chapter.4}% 32
\BOOKMARK [2][-]{subsection.4.2.1}{\376\377\000E\000d\000i\000t\000o\000r\000\040\000a\000n\000d\000\040\000W\000o\000r\000k\000s\000p\000a\000c\000e\000\040\000I\000n\000t\000e\000r\000a\000c\000t\000i\000o\000n}{section.4.2}% 33
\BOOKMARK [2][-]{subsection.4.2.2}{\376\377\000S\000e\000s\000s\000i\000o\000n\000\040\000S\000c\000r\000e\000e\000n\000s}{section.4.2}% 34
\BOOKMARK [2][-]{subsection.4.2.3}{\376\377\000T\000i\000m\000e\000r\000\040\000a\000n\000d\000\040\000A\000u\000t\000o\000-\000S\000u\000b\000m\000i\000s\000s\000i\000o\000n\000\040\000W\000o\000r\000k\000f\000l\000o\000w}{section.4.2}% 35
\BOOKMARK [1][-]{section.4.3}{\376\377\000B\000a\000c\000k\000e\000n\000d\000\040\000I\000m\000p\000l\000e\000m\000e\000n\000t\000a\000t\000i\000o\000n\000\040\000D\000e\000t\000a\000i\000l\000s}{chapter.4}% 36
\BOOKMARK [2][-]{subsection.4.3.1}{\376\377\000C\000o\000m\000m\000a\000n\000d\000\040\000M\000o\000d\000u\000l\000e\000s}{section.4.3}% 37
\BOOKMARK [2][-]{subsection.4.3.2}{\376\377\000P\000o\000l\000i\000c\000y\000\040\000E\000n\000g\000i\000n\000e\000\040\000I\000n\000t\000e\000g\000r\000a\000t\000i\000o\000n}{section.4.3}% 38
\BOOKMARK [2][-]{subsection.4.3.3}{\376\377\000S\000e\000s\000s\000i\000o\000n\000\040\000a\000n\000d\000\040\000T\000r\000a\000n\000s\000p\000o\000r\000t\000\040\000S\000e\000r\000v\000i\000c\000e}{section.4.3}% 39
\BOOKMARK [2][-]{subsection.4.3.4}{\376\377\000P\000e\000r\000s\000i\000s\000t\000e\000n\000c\000e\000\040\000L\000a\000y\000e\000r}{section.4.3}% 40
\BOOKMARK [1][-]{section.4.4}{\376\377\000S\000e\000c\000u\000r\000i\000t\000y\000\040\000a\000n\000d\000\040\000R\000u\000n\000t\000i\000m\000e\000\040\000C\000o\000n\000t\000r\000o\000l\000s}{chapter.4}% 41
\BOOKMARK [1][-]{section.4.5}{\376\377\000E\000x\000p\000e\000r\000i\000m\000e\000n\000t\000a\000l\000\040\000S\000e\000t\000u\000p}{chapter.4}% 42
\BOOKMARK [1][-]{section.4.6}{\376\377\000E\000v\000a\000l\000u\000a\000t\000i\000o\000n\000\040\000M\000e\000t\000r\000i\000c\000s}{chapter.4}% 43
\BOOKMARK [1][-]{section.4.7}{\376\377\000D\000a\000t\000a\000s\000e\000t}{chapter.4}% 44
\BOOKMARK [1][-]{section.4.8}{\376\377\000I\000m\000p\000l\000e\000m\000e\000n\000t\000a\000t\000i\000o\000n\000\040\000a\000n\000d\000\040\000R\000e\000s\000u\000l\000t\000s}{chapter.4}% 45
\BOOKMARK [2][-]{subsection.4.8.1}{\376\377\000Q\000u\000a\000l\000i\000t\000a\000t\000i\000v\000e\000\040\000R\000e\000s\000u\000l\000t\000s}{section.4.8}% 46
\BOOKMARK [2][-]{subsection.4.8.2}{\376\377\000Q\000u\000a\000n\000t\000i\000t\000a\000t\000i\000v\000e\000\040\000O\000b\000s\000e\000r\000v\000a\000t\000i\000o\000n\000s}{section.4.8}% 47
\BOOKMARK [2][-]{subsection.4.8.3}{\376\377\000A\000n\000a\000l\000y\000s\000i\000s\000\040\000o\000f\000\040\000t\000h\000e\000\040\000R\000e\000s\000u\000l\000t\000s}{section.4.8}% 48
\BOOKMARK [1][-]{section.4.9}{\376\377\000D\000i\000s\000c\000u\000s\000s\000i\000o\000n\000:\000\040\000R\000e\000l\000i\000a\000b\000i\000l\000i\000t\000y\000,\000\040\000U\000s\000a\000b\000i\000l\000i\000t\000y\000,\000\040\000a\000n\000d\000\040\000S\000e\000c\000u\000r\000i\000t\000y\000\040\000B\000a\000l\000a\000n\000c\000e}{chapter.4}% 49
\BOOKMARK [1][-]{section.4.10}{\376\377\000T\000h\000r\000e\000a\000t\000s\000\040\000t\000o\000\040\000V\000a\000l\000i\000d\000i\000t\000y}{chapter.4}% 50
\BOOKMARK [1][-]{section.4.11}{\376\377\000D\000e\000p\000l\000o\000y\000m\000e\000n\000t\000\040\000C\000o\000n\000s\000i\000d\000e\000r\000a\000t\000i\000o\000n\000s}{chapter.4}% 51
\BOOKMARK [1][-]{section.4.12}{\376\377\000O\000b\000j\000e\000c\000t\000i\000v\000e\000\040\000A\000c\000h\000i\000e\000v\000e\000d}{chapter.4}% 52
\BOOKMARK [1][-]{section.4.13}{\376\377\000C\000o\000n\000c\000l\000u\000s\000i\000o\000n}{chapter.4}% 53
\BOOKMARK [0][-]{chapter.5}{\376\377\000S\000e\000c\000u\000r\000i\000t\000y\000,\000\040\000C\000o\000m\000p\000l\000i\000a\000n\000c\000e\000,\000\040\000a\000n\000d\000\040\000O\000p\000e\000r\000a\000t\000i\000o\000n\000a\000l\000\040\000C\000o\000n\000s\000i\000d\000e\000r\000a\000t\000i\000o\000n\000s}{}% 54
\BOOKMARK [1][-]{section.5.1}{\376\377\000S\000e\000c\000u\000r\000i\000t\000y\000\040\000A\000r\000c\000h\000i\000t\000e\000c\000t\000u\000r\000e\000\040\000C\000o\000n\000s\000i\000d\000e\000r\000a\000t\000i\000o\000n\000s}{chapter.5}% 55
\BOOKMARK [1][-]{section.5.2}{\376\377\000T\000h\000r\000e\000a\000t\000\040\000M\000o\000d\000e\000l\000\040\000a\000n\000d\000\040\000A\000t\000t\000a\000c\000k\000\040\000S\000u\000r\000f\000a\000c\000e}{chapter.5}% 56
\BOOKMARK [1][-]{section.5.3}{\376\377\000P\000o\000l\000i\000c\000y\000\040\000E\000n\000f\000o\000r\000c\000e\000m\000e\000n\000t\000\040\000S\000t\000r\000a\000t\000e\000g\000y}{chapter.5}% 57
\BOOKMARK [1][-]{section.5.4}{\376\377\000R\000e\000l\000i\000a\000b\000i\000l\000i\000t\000y\000\040\000a\000n\000d\000\040\000F\000a\000u\000l\000t\000\040\000T\000o\000l\000e\000r\000a\000n\000c\000e}{chapter.5}% 58
\BOOKMARK [1][-]{section.5.5}{\376\377\000C\000o\000m\000p\000l\000i\000a\000n\000c\000e\000\040\000a\000n\000d\000\040\000A\000u\000d\000i\000t\000a\000b\000i\000l\000i\000t\000y}{chapter.5}% 59
\BOOKMARK [1][-]{section.5.6}{\376\377\000O\000p\000e\000r\000a\000t\000i\000o\000n\000a\000l\000\040\000R\000i\000s\000k\000\040\000M\000a\000n\000a\000g\000e\000m\000e\000n\000t}{chapter.5}% 60
\BOOKMARK [0][-]{chapter.6}{\376\377\000A\000d\000d\000r\000e\000s\000s\000i\000n\000g\000\040\000C\000o\000m\000p\000l\000e\000x\000\040\000E\000n\000g\000i\000n\000e\000e\000r\000i\000n\000g\000\040\000P\000r\000o\000b\000l\000e\000m\000s\000\040\000a\000n\000d\000\040\000A\000c\000t\000i\000v\000i\000t\000i\000e\000s}{}% 61
\BOOKMARK [1][-]{section.6.1}{\376\377\000C\000o\000m\000p\000l\000e\000x\000\040\000E\000n\000g\000i\000n\000e\000e\000r\000i\000n\000g\000\040\000P\000r\000o\000b\000l\000e\000m\000s\000\040\000A\000s\000s\000o\000c\000i\000a\000t\000e\000d\000\040\000w\000i\000t\000h\000\040\000t\000h\000e\000\040\000P\000r\000o\000j\000e\000c\000t}{chapter.6}% 62
\BOOKMARK [2][-]{subsection.6.1.1}{\376\377\000C\000o\000m\000p\000l\000e\000x\000i\000t\000y\000\040\000D\000i\000m\000e\000n\000s\000i\000o\000n\000\040\0001\000:\000\040\000S\000e\000c\000u\000r\000i\000t\000y\000\040\000v\000s\000\040\000U\000s\000a\000b\000i\000l\000i\000t\000y}{section.6.1}% 63
\BOOKMARK [2][-]{subsection.6.1.2}{\376\377\000C\000o\000m\000p\000l\000e\000x\000i\000t\000y\000\040\000D\000i\000m\000e\000n\000s\000i\000o\000n\000\040\0002\000:\000\040\000O\000f\000f\000l\000i\000n\000e\000\040\000C\000a\000p\000a\000b\000i\000l\000i\000t\000y\000\040\000v\000s\000\040\000S\000y\000n\000c\000h\000r\000o\000n\000i\000z\000a\000t\000i\000o\000n}{section.6.1}% 64
\BOOKMARK [2][-]{subsection.6.1.3}{\376\377\000C\000o\000m\000p\000l\000e\000x\000i\000t\000y\000\040\000D\000i\000m\000e\000n\000s\000i\000o\000n\000\040\0003\000:\000\040\000P\000l\000a\000t\000f\000o\000r\000m\000\040\000V\000a\000r\000i\000a\000b\000i\000l\000i\000t\000y}{section.6.1}% 65
\BOOKMARK [1][-]{section.6.2}{\376\377\000C\000o\000m\000p\000l\000e\000x\000\040\000E\000n\000g\000i\000n\000e\000e\000r\000i\000n\000g\000\040\000A\000c\000t\000i\000v\000i\000t\000i\000e\000s\000\040\000A\000s\000s\000o\000c\000i\000a\000t\000e\000d\000\040\000w\000i\000t\000h\000\040\000t\000h\000e\000\040\000P\000r\000o\000j\000e\000c\000t}{chapter.6}% 66
\BOOKMARK [2][-]{subsection.6.2.1}{\376\377\000E\000n\000g\000i\000n\000e\000e\000r\000i\000n\000g\000\040\000A\000c\000t\000i\000v\000i\000t\000y\000\040\000M\000a\000p\000p\000i\000n\000g}{section.6.2}% 67
\BOOKMARK [1][-]{section.6.3}{\376\377\000R\000i\000s\000k\000\040\000R\000e\000g\000i\000s\000t\000e\000r\000\040\000a\000n\000d\000\040\000M\000i\000t\000i\000g\000a\000t\000i\000o\000n\000\040\000S\000t\000r\000a\000t\000e\000g\000y}{chapter.6}% 68
\BOOKMARK [0][-]{chapter.7}{\376\377\000C\000o\000n\000c\000l\000u\000s\000i\000o\000n\000s}{}% 69
\BOOKMARK [1][-]{section.7.1}{\376\377\000S\000u\000m\000m\000a\000r\000y}{chapter.7}% 70
\BOOKMARK [1][-]{section.7.2}{\376\377\000L\000i\000m\000i\000t\000a\000t\000i\000o\000n\000s}{chapter.7}% 71
\BOOKMARK [1][-]{section.7.3}{\376\377\000R\000e\000c\000o\000m\000m\000e\000n\000d\000a\000t\000i\000o\000n\000s\000\040\000a\000n\000d\000\040\000F\000u\000t\000u\000r\000e\000\040\000W\000o\000r\000k\000s}{chapter.7}% 72
\BOOKMARK [0][-]{appendix.A}{\376\377\000O\000p\000e\000r\000a\000t\000i\000o\000n\000a\000l\000\040\000a\000n\000d\000\040\000V\000a\000l\000i\000d\000a\000t\000i\000o\000n\000\040\000A\000p\000p\000e\000n\000d\000i\000c\000e\000s}{}% 73
\BOOKMARK [1][-]{section.A.1}{\376\377\000S\000u\000g\000g\000e\000s\000t\000e\000d\000\040\000D\000e\000p\000l\000o\000y\000m\000e\000n\000t\000\040\000C\000h\000e\000c\000k\000l\000i\000s\000t}{appendix.A}% 74
\BOOKMARK [1][-]{section.A.2}{\376\377\000O\000p\000e\000r\000a\000t\000i\000o\000n\000a\000l\000\040\000R\000u\000n\000b\000o\000o\000k}{appendix.A}% 75
\BOOKMARK [2][-]{subsection.A.2.1}{\376\377\000P\000r\000e\000-\000E\000x\000a\000m}{section.A.2}% 76
\BOOKMARK [2][-]{subsection.A.2.2}{\376\377\000D\000u\000r\000i\000n\000g\000\040\000E\000x\000a\000m}{section.A.2}% 77
\BOOKMARK [2][-]{subsection.A.2.3}{\376\377\000P\000o\000s\000t\000-\000E\000x\000a\000m}{section.A.2}% 78
\BOOKMARK [1][-]{section.A.3}{\376\377\000M\000o\000d\000u\000l\000e\000-\000w\000i\000s\000e\000\040\000D\000e\000s\000i\000g\000n\000\040\000N\000o\000t\000e\000s}{appendix.A}% 79
\BOOKMARK [2][-]{subsection.A.3.1}{\376\377\000F\000r\000o\000n\000t\000e\000n\000d\000\040\000M\000o\000d\000u\000l\000e\000s}{section.A.3}% 80
\BOOKMARK [2][-]{subsection.A.3.2}{\376\377\000B\000a\000c\000k\000e\000n\000d\000\040\000M\000o\000d\000u\000l\000e\000s}{section.A.3}% 81
\BOOKMARK [2][-]{subsection.A.3.3}{\376\377\000P\000o\000l\000i\000c\000y\000\040\000M\000o\000d\000u\000l\000e\000s}{section.A.3}% 82
\BOOKMARK [1][-]{section.A.4}{\376\377\000E\000x\000t\000e\000n\000d\000e\000d\000\040\000F\000u\000n\000c\000t\000i\000o\000n\000a\000l\000\040\000T\000e\000s\000t\000\040\000M\000a\000t\000r\000i\000x}{appendix.A}% 83
\BOOKMARK [1][-]{section.A.5}{\376\377\000N\000e\000g\000a\000t\000i\000v\000e\000\040\000T\000e\000s\000t\000\040\000M\000a\000t\000r\000i\000x}{appendix.A}% 84
\BOOKMARK [1][-]{section.A.6}{\376\377\000W\000o\000r\000k\000\040\000D\000i\000s\000t\000r\000i\000b\000u\000t\000i\000o\000n\000\040\000D\000e\000t\000a\000i\000l\000s}{appendix.A}% 85
\BOOKMARK [2][-]{subsection.A.6.1}{\376\377\000I\000n\000d\000i\000v\000i\000d\000u\000a\000l\000\040\000C\000o\000n\000t\000r\000i\000b\000u\000t\000i\000o\000n\000\040\000N\000a\000r\000r\000a\000t\000i\000v\000e}{section.A.6}% 86
\BOOKMARK [2][-]{subsection.A.6.2}{\376\377\000J\000o\000i\000n\000t\000\040\000C\000o\000n\000t\000r\000i\000b\000u\000t\000i\000o\000n\000s}{section.A.6}% 87
\BOOKMARK [1][-]{section.A.7}{\376\377\000F\000u\000t\000u\000r\000e\000\040\000E\000x\000p\000a\000n\000s\000i\000o\000n\000\040\000B\000l\000u\000e\000p\000r\000i\000n\000t}{appendix.A}% 88
\BOOKMARK [2][-]{subsection.A.7.1}{\376\377\000P\000h\000a\000s\000e\000-\0001\000\040\000I\000m\000p\000r\000o\000v\000e\000m\000e\000n\000t\000s}{section.A.7}% 89
\BOOKMARK [2][-]{subsection.A.7.2}{\376\377\000P\000h\000a\000s\000e\000-\0002\000\040\000I\000m\000p\000r\000o\000v\000e\000m\000e\000n\000t\000s}{section.A.7}% 90
\BOOKMARK [2][-]{subsection.A.7.3}{\376\377\000P\000h\000a\000s\000e\000-\0003\000\040\000I\000m\000p\000r\000o\000v\000e\000m\000e\000n\000t\000s}{section.A.7}% 91
