This is pdfTeX, Version 3.141592653-2.6-1.40.24 (MiKTeX 22.1) (preloaded format=pdflatex 2026.4.24)  24 APR 2026 04:04
entering extended mode
 restricted \write18 enabled.
 %&-line parsing enabled.
**./sample.tex
(sample.tex
LaTeX2e <2025-11-01>
L3 programming layer <2026-01-19>

(/Users/mehedihasan/Library/Application Support/MiKTeX/texmfs/install/tex/latex
/base/report.cls
Document Class: report 2025/01/22 v1.4n Standard LaTeX document class

(/Users/mehedihasan/Library/Application Support/MiKTeX/texmfs/install/tex/latex
/base/size12.clo
File: size12.clo 2025/01/22 v1.4n Standard LaTeX file (size option)
)
\c@part=\count275
\c@chapter=\count276
\c@section=\count277
\c@subsection=\count278
\c@subsubsection=\count279
\c@paragraph=\count280
\c@subparagraph=\count281
\c@figure=\count282
\c@table=\count283
\abovecaptionskip=\skip49
\belowcaptionskip=\skip50
\bibindent=\dimen148
)
(/Users/mehedihasan/Library/Application Support/MiKTeX/texmfs/install/tex/latex
/base/inputenc.sty
Package: inputenc 2024/02/08 v1.3d Input encoding file
\inpenc@prehook=\toks17
\inpenc@posthook=\toks18
)
(/Users/mehedihasan/Library/Application Support/MiKTeX/texmfs/install/tex/latex
/graphics/graphicx.sty
Package: graphicx 2024/12/31 v1.2e Enhanced LaTeX Graphics (DPC,SPQR)

(/Users/mehedihasan/Library/Application Support/MiKTeX/texmfs/install/tex/latex
/graphics/keyval.sty
Package: keyval 2022/05/29 v1.15 key=value parser (DPC)
\KV@toks@=\toks19
)
(/Users/mehedihasan/Library/Application Support/MiKTeX/texmfs/install/tex/latex
/graphics/graphics.sty
Package: graphics 2024/08/06 v1.4g Standard LaTeX Graphics (DPC,SPQR)

(/Users/mehedihasan/Library/Application Support/MiKTeX/texmfs/install/tex/latex
/graphics/trig.sty
Package: trig 2023/12/02 v1.11 sin cos tan (DPC)
)
(/Users/mehedihasan/Library/Application Support/MiKTeX/texmfs/install/tex/latex
/graphics-cfg/graphics.cfg
File: graphics.cfg 2016/06/04 v1.11 sample graphics configuration
)
Package graphics Info: Driver file: pdftex.def on input line 106.

(/Users/mehedihasan/Library/Application Support/MiKTeX/texmfs/install/tex/latex
/graphics-def/pdftex.def
File: pdftex.def 2025/09/29 v1.2d Graphics/color driver for pdftex
))
\Gin@req@height=\dimen149
\Gin@req@width=\dimen150
)
(/Users/mehedihasan/Library/Application Support/MiKTeX/texmfs/install/tex/latex
/amsmath/amsmath.sty
Package: amsmath 2025/07/09 v2.17z AMS math features
\@mathmargin=\skip51

For additional information on amsmath, use the `?' option.

(/Users/mehedihasan/Library/Application Support/MiKTeX/texmfs/install/tex/latex
/amsmath/amstext.sty
Package: amstext 2024/11/17 v2.01 AMS text

(/Users/mehedihasan/Library/Application Support/MiKTeX/texmfs/install/tex/latex
/amsmath/amsgen.sty
File: amsgen.sty 1999/11/30 v2.0 generic functions
\@emptytoks=\toks20
\ex@=\dimen151
))
(/Users/mehedihasan/Library/Application Support/MiKTeX/texmfs/install/tex/latex
/amsmath/amsbsy.sty
Package: amsbsy 1999/11/29 v1.2d Bold Symbols
\pmbraise@=\dimen152
)
(/Users/mehedihasan/Library/Application Support/MiKTeX/texmfs/install/tex/latex
/amsmath/amsopn.sty
Package: amsopn 2022/04/08 v2.04 operator names
)
\inf@bad=\count284
LaTeX Info: Redefining \frac on input line 233.
\uproot@=\count285
\leftroot@=\count286
LaTeX Info: Redefining \overline on input line 398.
LaTeX Info: Redefining \colon on input line 409.
\classnum@=\count287
\DOTSCASE@=\count288
LaTeX Info: Redefining \ldots on input line 495.
LaTeX Info: Redefining \dots on input line 498.
LaTeX Info: Redefining \cdots on input line 619.
\Mathstrutbox@=\box53
\strutbox@=\box54
LaTeX Info: Redefining \big on input line 721.
LaTeX Info: Redefining \Big on input line 722.
LaTeX Info: Redefining \bigg on input line 723.
LaTeX Info: Redefining \Bigg on input line 724.
\big@size=\dimen153
LaTeX Font Info:    Redeclaring font encoding OML on input line 742.
LaTeX Font Info:    Redeclaring font encoding OMS on input line 743.
\macc@depth=\count289
LaTeX Info: Redefining \bmod on input line 904.
LaTeX Info: Redefining \pmod on input line 909.
LaTeX Info: Redefining \smash on input line 939.
LaTeX Info: Redefining \relbar on input line 969.
LaTeX Info: Redefining \Relbar on input line 970.
\c@MaxMatrixCols=\count290
\dotsspace@=\muskip17
\c@parentequation=\count291
\dspbrk@lvl=\count292
\tag@help=\toks21
\row@=\count293
\column@=\count294
\maxfields@=\count295
\andhelp@=\toks22
\eqnshift@=\dimen154
\alignsep@=\dimen155
\tagshift@=\dimen156
\tagwidth@=\dimen157
\totwidth@=\dimen158
\lineht@=\dimen159
\@envbody=\toks23
\multlinegap=\skip52
\multlinetaggap=\skip53
\mathdisplay@stack=\toks24
LaTeX Info: Redefining \[ on input line 2950.
LaTeX Info: Redefining \] on input line 2951.
)
(/Users/mehedihasan/Library/Application Support/MiKTeX/texmfs/install/tex/latex
/l3backend/l3backend-pdftex.def
File: l3backend-pdftex.def 2025-10-09 L3 backend support: PDF output (pdfTeX)
\l__color_backend_stack_int=\count296
) (sample.aux)
\openout1 = `sample.aux'.

LaTeX Font Info:    Checking defaults for OML/cmm/m/it on input line 19.
LaTeX Font Info:    ... okay on input line 19.
LaTeX Font Info:    Checking defaults for OMS/cmsy/m/n on input line 19.
LaTeX Font Info:    ... okay on input line 19.
LaTeX Font Info:    Checking defaults for OT1/cmr/m/n on input line 19.
LaTeX Font Info:    ... okay on input line 19.
LaTeX Font Info:    Checking defaults for T1/cmr/m/n on input line 19.
LaTeX Font Info:    ... okay on input line 19.
LaTeX Font Info:    Checking defaults for TS1/cmr/m/n on input line 19.
LaTeX Font Info:    ... okay on input line 19.
LaTeX Font Info:    Checking defaults for OMX/cmex/m/n on input line 19.
LaTeX Font Info:    ... okay on input line 19.
LaTeX Font Info:    Checking defaults for U/cmr/m/n on input line 19.
LaTeX Font Info:    ... okay on input line 19.

(/Users/mehedihasan/Library/Application Support/MiKTeX/texmfs/install/tex/conte
xt/base/mkii/supp-pdf.mkii
[Loading MPS to PDF converter (version 2006.09.02).]
\scratchcounter=\count297
\scratchdimen=\dimen160
\scratchbox=\box55
\nofMPsegments=\count298
\nofMParguments=\count299
\everyMPshowfont=\toks25
\MPscratchCnt=\count300
\MPscratchDim=\dimen161
\MPnumerator=\count301
\makeMPintoPDFobject=\count302
\everyMPtoPDFconversion=\toks26
)
(/Users/mehedihasan/Library/Application Support/MiKTeX/texmfs/install/tex/latex
/epstopdf-pkg/epstopdf-base.sty
Package: epstopdf-base 2020-01-24 v2.11 Base part for package epstopdf

(/Users/mehedihasan/Library/Application Support/MiKTeX/texmfs/install/tex/gener
ic/infwarerr/infwarerr.sty
Package: infwarerr 2019/12/03 v1.5 Providing info/warning/error messages (HO)
)
(/Users/mehedihasan/Library/Application Support/MiKTeX/texmfs/install/tex/latex
/grfext/grfext.sty
Package: grfext 2019/12/03 v1.3 Manage graphics extensions (HO)

(/Users/mehedihasan/Library/Application Support/MiKTeX/texmfs/install/tex/gener
ic/kvdefinekeys/kvdefinekeys.sty
Package: kvdefinekeys 2019-12-19 v1.6 Define keys (HO)
))
(/Users/mehedihasan/Library/Application Support/MiKTeX/texmfs/install/tex/latex
/kvoptions/kvoptions.sty
Package: kvoptions 2022-06-15 v3.15 Key value format for package options (HO)

(/Users/mehedihasan/Library/Application Support/MiKTeX/texmfs/install/tex/gener
ic/ltxcmds/ltxcmds.sty
Package: ltxcmds 2023-12-04 v1.26 LaTeX kernel commands for general use (HO)
)
(/Users/mehedihasan/Library/Application Support/MiKTeX/texmfs/install/tex/latex
/kvsetkeys/kvsetkeys.sty
Package: kvsetkeys 2022-10-05 v1.19 Key value parser (HO)
))
(/Users/mehedihasan/Library/Application Support/MiKTeX/texmfs/install/tex/gener
ic/pdftexcmds/pdftexcmds.sty
Package: pdftexcmds 2020-06-27 v0.33 Utility functions of pdfTeX for LuaTeX (HO
)

(/Users/mehedihasan/Library/Application Support/MiKTeX/texmfs/install/tex/gener
ic/iftex/iftex.sty
Package: iftex 2024/12/12 v1.0g TeX engine tests
)
Package pdftexcmds Info: \pdf@primitive is available.
Package pdftexcmds Info: \pdf@ifprimitive is available.
Package pdftexcmds Info: \pdfdraftmode found.
)
Package epstopdf-base Info: Redefining graphics rule for `.eps' on input line 4
85.
Package grfext Info: Graphics extension search list:
(grfext)             [.pdf,.png,.jpg,.mps,.jpeg,.jbig2,.jb2,.PDF,.PNG,.JPG,.JPE
G,.JBIG2,.JB2,.eps]
(grfext)             \AppendGraphicsExtensions on input line 504.

(/Users/mehedihasan/Library/Application Support/MiKTeX/texmfs/install/tex/latex
/00miktex/epstopdf-sys.cfg
File: epstopdf-sys.cfg 2021/03/18 v2.0 Configuration of epstopdf for MiKTeX
))

[1

{/Users/mehedihasan/Library/Application Support/MiKTeX/texmfs/data/fonts/map/pd
ftex/pdftex.map}]

[2]

[1]
Overfull \hbox (10.88983pt too wide) in paragraph at lines 87--88
\OT1/cmr/m/n/12 supervisor, \OT1/cmr/bx/n/12 Mr. Xyz\OT1/cmr/m/n/12 , for his c
ontinuous support, valuable suggestions, and constructive
 []


Overfull \hbox (11.72261pt too wide) in paragraph at lines 89--90
\OT1/cmr/m/n/12 Khulna University of Engineering & Technology, for providing th
e academic environment
 []



[1

]
Overfull \hbox (8.56708pt too wide) in paragraph at lines 101--102
\OT1/cmr/m/n/12 which creates challenges for institutions that require strict i
nvigilation, offline operation,
 []


Overfull \hbox (3.47751pt too wide) in paragraph at lines 103--104
[]\OT1/cmr/m/n/12 The system uses a modular architecture with a JavaScript-base
d editor interface
 []


Overfull \hbox (30.50018pt too wide) in paragraph at lines 103--104
\OT1/cmr/m/n/12 and join workflows, timed assessments, controlled code executio
n, role-based administration,
 []


Overfull \hbox (14.21767pt too wide) in paragraph at lines 107--108
[]\OT1/cmr/m/n/12 This report documents the full project lifecycle in detail: r
equirement engineering,
 []


Overfull \hbox (35.72235pt too wide) in paragraph at lines 107--108
\OT1/cmr/m/n/12 architectural decomposition, policy design, implementation stra
tegy, validation methodology,
 []


Overfull \hbox (13.65869pt too wide) in paragraph at lines 107--108
\OT1/cmr/m/n/12 report includes module-level explanations, operational workflow
s, simulated performance
 []



[2

]

[3] (sample.toc

[4

]

[5]

[6])
\tf@toc=\write3
\openout3 = `sample.toc'.



[7] (sample.lot)
\tf@lot=\write4
\openout4 = `sample.lot'.



[8

] (sample.lof)
\tf@lof=\write5
\openout5 = `sample.lof'.



[9

]
Chapter 1.

Overfull \hbox (14.14822pt too wide) in paragraph at lines 127--128
[]\OT1/cmr/m/n/12 In many educational contexts, the practical challenge is not 
whether programming
 []


Overfull \hbox (6.2171pt too wide) in paragraph at lines 127--128
\OT1/cmr/m/n/12 concerns, yet they may fail when internet connectivity is unsta
ble or when organizations
 []


Overfull \hbox (32.18695pt too wide) in paragraph at lines 129--130
[]\OT1/cmr/m/n/12 RestrictedIDE-V2 addresses this operational gap by unifying t
he coding environment,
 []



[1


]
Overfull \hbox (6.27821pt too wide) in paragraph at lines 132--133
\OT1/cmr/m/n/12 Institutions that run programming exams often face the followin
g operational problems: 
 []


Overfull \hbox (19.91566pt too wide) in paragraph at lines 141--142
\OT1/cmr/m/n/12 across UI behavior, file operations, process lifecycle, timing 
semantics, and communication
 []



[2]
Overfull \hbox (12.18991pt too wide) in paragraph at lines 155--156
[]\OT1/cmr/m/n/12 In addition to these primary objectives, the project also pur
sues several secondary
 []


Overfull \hbox (2.10464pt too wide) in paragraph at lines 164--165
\OT1/cmr/m/n/12 The project covers frontend editor integration, backend command
 orchestration, policy
 []


Overfull \hbox (2.75742pt too wide) in paragraph at lines 164--165
\OT1/cmr/m/n/12 cloud synchronization and cross-platform parity for all low-lev
el controls are considered
 []


Overfull \hbox (14.93571pt too wide) in paragraph at lines 166--167
[]\OT1/cmr/m/n/12 The scope intentionally excludes advanced plagiarism detectio
n engines, biometric
 []


Overfull \hbox (8.89346pt too wide) in paragraph at lines 166--167
\OT1/cmr/m/n/12 scope, the team prioritized architecture stability, predictable
 operation, and incremental
 []


Overfull \hbox (32.33224pt too wide) in paragraph at lines 169--170
\OT1/cmr/m/n/12 Unlike generic IDE wrappers, RestrictedIDE-V2 combines assessme
nt workflow management
 []



[3]
Overfull \hbox (13.45242pt too wide) in paragraph at lines 171--172
[]\OT1/cmr/m/n/12 The specific novelty of RestrictedIDE-V2 may be summarized in
 three engineering
 []


Overfull \hbox (2.49011pt too wide) in paragraph at lines 184--185
[]\OT1/cmr/bx/n/12 Milestone 2: \OT1/cmr/m/n/12 architecture blueprint, data mo
del design, and command interface
 []


Overfull \hbox (19.52744pt too wide) in paragraph at lines 185--186
[]\OT1/cmr/bx/n/12 Milestone 3: \OT1/cmr/m/n/12 frontend-backend implementation
 of minimum viable exam workflow. 
 []


Overfull \hbox (16.1983pt too wide) in paragraph at lines 187--188
[]\OT1/cmr/bx/n/12 Milestone 5: \OT1/cmr/m/n/12 documentation, report writing, 
and final demonstration preparation. 
 []



[4]
Overfull \hbox (32.69702pt too wide) in paragraph at lines 191--194
\OT1/cmr/m/n/12 session interfaces, and user workflow optimization. Responsibil
ities included UI composition,
 []


Overfull \hbox (37.55011pt too wide) in paragraph at lines 191--194
\OT1/cmr/m/n/12 policy/runtime architecture, secure execution controls, and per
sistence/transport integration.
 []


Overfull \hbox (1.54771pt too wide) in paragraph at lines 191--194
\OT1/cmr/m/n/12 Responsibilities included backend command orchestration, databa
se operations, policy
 []


Overfull \hbox (13.1227pt too wide) in paragraph at lines 191--194
\OT1/cmr/m/n/12 rule wiring, and LAN session service handling. Both members col
laborated on integration
 []


Overfull \hbox (10.32956pt too wide) in paragraph at lines 191--194
\OT1/cmr/m/n/12 testing, error tracing, deployment scripts, report preparation,
 and presentation artifacts. 
 []


Overfull \hbox (21.29611pt too wide) in paragraph at lines 196--197
\OT1/cmr/m/n/12 controlled labs, recruitment coding tests within intranet-only 
environments, and classroom
 []



[5]

[6]
Chapter 2.

Overfull \hbox (1.6728pt too wide) in paragraph at lines 211--212
\OT1/cmr/m/n/12 Secure coding assessments are commonly delivered through cloud 
judges, LMS plugins,
 []


Overfull \hbox (33.69876pt too wide) in paragraph at lines 214--215
\OT1/cmr/m/n/12 evaluation pipelines but depend on internet connectivity and re
mote sandbox infrastructures.
 []


Overfull \hbox (25.52277pt too wide) in paragraph at lines 219--220
[]\OT1/cmr/bx/n/12 Secure browser ecosystems: \OT1/cmr/m/n/12 controlled exam i
nterfaces for web-based assessments
 []



[7

]
Overfull \hbox (20.85725pt too wide) in paragraph at lines 227--228
\OT1/cmr/m/n/12 Table 2.1[] summarizes the relative position of RestrictedIDE-V
2 with common alternatives. 
 []


Underfull \hbox (badness 10000) in paragraph at lines 235--236
[]\OT1/cmr/bx/n/12 Relevance to
 []


Underfull \hbox (badness 10000) in paragraph at lines 235--236
\OT1/cmr/bx/n/12 RestrictedIDE-
 []


Underfull \hbox (badness 10000) in paragraph at lines 237--237
[]\OT1/cmr/m/n/12 Cloud online
 []


Underfull \hbox (badness 10000) in paragraph at lines 237--237
[]\OT1/cmr/m/n/12 Automatic
 []


Underfull \hbox (badness 10000) in paragraph at lines 237--237
\OT1/cmr/m/n/12 evaluation at
 []


Underfull \hbox (badness 10000) in paragraph at lines 237--237
[]\OT1/cmr/m/n/12 Internet
 []


Underfull \hbox (badness 10000) in paragraph at lines 237--237
\OT1/cmr/m/n/12 dependency,
 []


Underfull \hbox (badness 10000) in paragraph at lines 239--239
[]\OT1/cmr/m/n/12 Lockdown
 []


Underfull \hbox (badness 4752) in paragraph at lines 239--239
[]\OT1/cmr/m/n/12 Not IDE-native
 []


Underfull \hbox (badness 10000) in paragraph at lines 241--241
[]\OT1/cmr/m/n/12 Generic
 []


Underfull \hbox (badness 10000) in paragraph at lines 241--241
[]\OT1/cmr/m/n/12 Excellent coding
 []


Underfull \hbox (badness 10000) in paragraph at lines 241--241
[]\OT1/cmr/m/n/12 Minimal exam
 []


Underfull \hbox (badness 10000) in paragraph at lines 241--242
[]\OT1/cmr/m/n/12 Baseline usability
 []


Underfull \hbox (badness 10000) in paragraph at lines 243--243
[]\OT1/cmr/m/n/12 RestrictedIDE-
 []


Underfull \hbox (badness 10000) in paragraph at lines 243--243
[]\OT1/cmr/m/n/12 Offline-first,
 []


Underfull \hbox (badness 10000) in paragraph at lines 243--243
\OT1/cmr/m/n/12 policy-aware,
 []


Underfull \hbox (badness 5403) in paragraph at lines 243--243
[]\OT1/cmr/m/n/12 Some platform-
 []


Underfull \hbox (badness 10000) in paragraph at lines 243--243
\OT1/cmr/m/n/12 dependent
 []


Underfull \hbox (badness 3000) in paragraph at lines 243--244
[]\OT1/cmr/m/n/12 Balanced solution for
 []



[8]
Overfull \hbox (11.24344pt too wide) in paragraph at lines 251--252
\OT1/cmr/m/n/12 greater autonomy, infrastructure predictability, and direct pol
icy governance for physical
 []


Overfull \hbox (17.00958pt too wide) in paragraph at lines 251--252
\OT1/cmr/m/n/12 lab examinations. This positioning is aligned with the needs id
entified during requirement
 []



[9]
Chapter 3.

Overfull \hbox (34.56961pt too wide) in paragraph at lines 259--260
\OT1/cmr/m/n/12 This chapter explains the engineering approach used to design a
nd implement RestrictedIDE-
 []



[10

]
Overfull \hbox (0.82086pt too wide) in paragraph at lines 289--290
\OT1/cmr/m/n/12 through direct command execution. These threat vectors directly
 influenced command
 []



[11]
Overfull \hbox (33.66405pt too wide) in paragraph at lines 319--320
[]\OT1/cmr/m/n/12 Resolve contextual metadata (user role, session state, path/p
rocess target, timestamp). 
 []


Underfull \hbox (badness 2735) in paragraph at lines 338--339
[]\OT1/cmr/m/n/12 Ensure student operations remain within allowed
 []


Underfull \hbox (badness 2261) in paragraph at lines 340--341
[]\OT1/cmr/m/n/12 Enforce session duration and submission deadline
 []


Overfull \hbox (2.88829pt too wide) in paragraph at lines 344--344
[]\OT1/cmr/m/n/12 Keyboard/interaction
 []


Underfull \hbox (badness 1348) in paragraph at lines 344--345
[]\OT1/cmr/m/n/12 Restrict unsafe key combinations during lockdown
 []


Underfull \hbox (badness 1248) in paragraph at lines 346--347
[]\OT1/cmr/m/n/12 Prevent unauthorized external access during exam
 []


Overfull \hbox (3.02965pt too wide) in paragraph at lines 355--356
[]\OT1/cmr/bx/n/12 Client Workflow Layer: \OT1/cmr/m/n/12 state transitions, ti
mer handling, submission triggers. 
 []



[12]
Underfull \hbox (badness 10000) in paragraph at lines 384--385
[]\OT1/cmr/m/n/12 Final answer snapshot and
 []


Overfull \hbox (13.59341pt too wide) in paragraph at lines 394--395
\OT1/cmr/m/n/12 Testing combined unit-level verification, command-level integra
tion checks, and scenario-
 []



[13]

[14]
Overfull \hbox (8.93022pt too wide) in paragraph at lines 408--409
[]\OT1/cmr/m/n/12 The combination of modular decomposition, policy-first valida
tion, and scenario-
 []



[15]
Chapter 4.

Overfull \hbox (27.82382pt too wide) in paragraph at lines 418--419
\OT1/cmr/m/n/12 on clear responsibility boundaries between frontend orchestrati
on and backend enforcement.
 []


Overfull \hbox (21.16139pt too wide) in paragraph at lines 424--425
\OT1/cmr/m/n/12 The editor subsystem integrates Monaco-based editing and local 
file handling abstractions.
 []



[16

]
Overfull \hbox (9.87262pt too wide) in paragraph at lines 436--437
\OT1/cmr/m/n/12 input, checks session context, invokes policy evaluation, and r
outes permitted operations
 []



[17]
Overfull \hbox (82.06909pt too wide) in paragraph at lines 448--449
\OT1/cmr/m/n/12 Security modules include process monitoring, focus/watchdog com
ponents, and screenshot/interaction
 []



[18]
Overfull \hbox (4.967pt too wide) in paragraph at lines 486--487
[]\OT1/cmr/bx/n/12 Boundary scenarios: \OT1/cmr/m/n/12 timeout edge, rapid tab 
switching, repeated save/submit. 
 []


Overfull \hbox (5.23099pt too wide) in paragraph at lines 487--488
[]\OT1/cmr/bx/n/12 Adversarial scenarios: \OT1/cmr/m/n/12 policy bypass attempt
s and restricted action triggering. 
 []


Overfull \hbox (0.29448pt too wide) in paragraph at lines 492--493
\OT1/cmr/m/n/12 coding, timer tracking, and final submission. Administrative da
shboard views improve
 []



[19]
Overfull \hbox (5.6622pt too wide) in paragraph at lines 494--495
[]\OT1/cmr/m/n/12 Interview-style feedback from trial participants indicated th
at structured session
 []


Overfull \hbox (3.27132pt too wide) in paragraph at lines 494--495
\OT1/cmr/m/n/12 screens reduced confusion compared with a generic IDE-plus-manu
al-submission setup.
 []


Overfull \hbox (7.45737pt too wide) in paragraph at lines 494--495
\OT1/cmr/m/n/12 Students could focus on coding tasks because the application pr
esented a clear sequence:
 []


Underfull \hbox (badness 10000) in paragraph at lines 516--517
[]\OT1/cmr/m/n/12 Deterministic participant
 []


Underfull \hbox (badness 10000) in paragraph at lines 522--523
[]\OT1/cmr/m/n/12 Administrative monitoring
 []


Overfull \hbox (0.89494pt too wide) in paragraph at lines 528--529
\OT1/cmr/m/n/12 Results confirm that combining policy checks with command-layer
 control significantly
 []


Overfull \hbox (3.71114pt too wide) in paragraph at lines 530--531
\OT1/cmr/m/n/12 quality. RestrictedIDE-V2 improves exam integrity by ensuring t
hat critical operations
 []



[20]
Overfull \hbox (8.40579pt too wide) in paragraph at lines 532--532
[]\OT1/cmr/bx/n/17.28 Discussion: Reliability, Usability, and Security
 []


Overfull \hbox (8.38933pt too wide) in paragraph at lines 533--534
\OT1/cmr/m/n/12 RestrictedIDE-V2 seeks a balanced approach by maintaining famil
iar editor interactions
 []



[21]
Overfull \hbox (1.0034pt too wide) in paragraph at lines 553--554
\OT1/cmr/m/n/12 RestrictedIDE-V2 demonstrates that a desktop-first secure exam 
IDE can be practical,
 []



[22]
Chapter 5.

Overfull \hbox (8.30597pt too wide) in paragraph at lines 563--564
\OT1/cmr/m/n/12 modules are original development artifacts and should be versio
ned with clear ownership
 []


Overfull \hbox (38.03964pt too wide) in paragraph at lines 565--566
[]\OT1/cmr/m/n/12 Academic deployment should maintain explicit attribution of t
hird-party dependencies
 []



[23

]
Overfull \hbox (14.27675pt too wide) in paragraph at lines 573--574
\OT1/cmr/m/n/12 From software safety perspective, robust failure handling is re
quired to prevent accidental
 []


Overfull \hbox (12.02676pt too wide) in paragraph at lines 580--581
\OT1/cmr/m/n/12 data minimization, access controls, audit trails, and formal re
tention/deletion workflows. 
 []


Overfull \hbox (5.30322pt too wide) in paragraph at lines 583--584
\OT1/cmr/m/n/12 The system can improve fairness in technical education by stand
ardizing the assessment
 []



[24]
Overfull \hbox (0.11162pt too wide) in paragraph at lines 594--595
\OT1/cmr/m/n/12 Local-first deployment aligns with institutions where policy, l
anguage, and operational
 []


Overfull \hbox (27.27309pt too wide) in paragraph at lines 599--600
[]\OT1/cmr/m/n/12 Sustainability is strengthened by modular software maintenanc
e because institutions
 []


Overfull \hbox (22.03177pt too wide) in paragraph at lines 602--603
\OT1/cmr/m/n/12 Engineering decisions in academic software influence student tr
ust. Fairness, transparency,
 []


Overfull \hbox (5.69489pt too wide) in paragraph at lines 602--603
\OT1/cmr/m/n/12 and consistent policy enforcement are therefore not only techni
cal goals but professional
 []



[25]
Chapter 6.

Overfull \hbox (12.9838pt too wide) in paragraph at lines 609--609
[]\OT1/cmr/bx/n/17.28 Complex Engineering Problems Associated with
 []


Overfull \hbox (57.5593pt too wide) in paragraph at lines 617--617
[]\OT1/cmr/bx/n/14.4 Complexity Dimension 2: Offline Capability vs Synchronizat
ion 
 []



[26

]
Overfull \hbox (1.83937pt too wide) in paragraph at lines 621--622
\OT1/cmr/m/n/12 Host-level controls may behave differently across operating sys
tems, requiring adaptive
 []


Overfull \hbox (14.5438pt too wide) in paragraph at lines 623--623
[]\OT1/cmr/bx/n/17.28 Complex Engineering Activities Associated with
 []


Underfull \hbox (badness 10000) in paragraph at lines 644--644
[]\OT1/cmr/m/n/12 Runtime crash at
 []


Underfull \hbox (badness 10000) in paragraph at lines 646--646
[]\OT1/cmr/m/n/12 Cross-platform
 []


Underfull \hbox (badness 10000) in paragraph at lines 646--647
[]\OT1/cmr/m/n/12 Capability flags and progressive
 []


Underfull \hbox (badness 10000) in paragraph at lines 648--648
[]\OT1/cmr/m/n/12 Operator
 []


Underfull \hbox (badness 4954) in paragraph at lines 648--649
[]\OT1/cmr/m/n/12 Pre-exam checklist and validation
 []


Underfull \hbox (badness 10000) in paragraph at lines 650--650
[]\OT1/cmr/m/n/12 Data retention
 []


Underfull \hbox (badness 10000) in paragraph at lines 650--651
[]\OT1/cmr/m/n/12 Defined archival and deletion
 []



[27]

[28]
Chapter 7.

Overfull \hbox (19.68178pt too wide) in paragraph at lines 668--669
\OT1/cmr/m/n/12 larger and more heterogeneous environments. Automated regressio
n testing infrastructure
 []



[29

]

[30]
Appendix A.


[31

]

[32]
Appendix B.

Overfull \hbox (0.47272pt too wide) in paragraph at lines 716--717
\OT1/cmr/m/n/12 The frontend codebase is split into focused modules for app boo
tstrap, editor handling,
 []


Overfull \hbox (18.57623pt too wide) in paragraph at lines 719--720
\OT1/cmr/m/n/12 session runtime, and persistence. This structure aligns impleme
ntation with responsibility
 []



[33

]
Appendix C.

Underfull \hbox (badness 10000) in paragraph at lines 728--728
[]\OT1/cmr/bx/n/12 Expected
 []


Underfull \hbox (badness 2753) in paragraph at lines 730--730
[]\OT1/cmr/m/n/12 Admin creates a valid
 []


Underfull \hbox (badness 10000) in paragraph at lines 730--730
[]\OT1/cmr/m/n/12 Session code
 []


Underfull \hbox (badness 10000) in paragraph at lines 732--732
[]\OT1/cmr/m/n/12 Participant
 []


Underfull \hbox (badness 10000) in paragraph at lines 738--738
[]\OT1/cmr/m/n/12 Operation
 []


Underfull \hbox (badness 10000) in paragraph at lines 738--738
\OT1/cmr/m/n/12 blocked and
 []


Underfull \hbox (badness 10000) in paragraph at lines 740--740
[]\OT1/cmr/m/n/12 Submission before
 []


Underfull \hbox (badness 10000) in paragraph at lines 740--740
[]\OT1/cmr/m/n/12 Submission
 []


Underfull \hbox (badness 10000) in paragraph at lines 742--742
[]\OT1/cmr/m/n/12 Auto-submission
 []


Underfull \hbox (badness 10000) in paragraph at lines 744--744
[]\OT1/cmr/m/n/12 Denied by
 []


Underfull \hbox (badness 10000) in paragraph at lines 746--746
[]\OT1/cmr/m/n/12 Dashboard fetch after
 []


Underfull \hbox (badness 10000) in paragraph at lines 748--748
[]\OT1/cmr/m/n/12 Export post-session
 []


Underfull \hbox (badness 10000) in paragraph at lines 748--748
[]\OT1/cmr/m/n/12 Output
 []


Underfull \hbox (badness 10000) in paragraph at lines 759--759
[]\OT1/cmr/bx/n/12 Expected
 []


Underfull \hbox (badness 10000) in paragraph at lines 761--761
[]\OT1/cmr/m/n/12 Reject join
 []


Underfull \hbox (badness 3219) in paragraph at lines 763--763
[]\OT1/cmr/m/n/12 Reject and log
 []


Underfull \hbox (badness 10000) in paragraph at lines 767--767
[]\OT1/cmr/m/n/12 Single stable
 []


Underfull \hbox (badness 10000) in paragraph at lines 767--768
[]\OT1/cmr/m/n/12 Idempotent handling
 []


Underfull \hbox (badness 10000) in paragraph at lines 769--769
[]\OT1/cmr/m/n/12 Permission
 []



[34

]

[35]

[36]
Appendix D.


[37

]
Appendix E.

Overfull \hbox (18.84615pt too wide) in paragraph at lines 785--786
\OT1/cmr/m/n/12 Phase-1 includes policy profile templates, improved dashboard s
ummaries, and automated
 []


Overfull \hbox (3.11436pt too wide) in paragraph at lines 788--789
\OT1/cmr/m/n/12 Phase-2 includes stronger execution isolation, richer monitorin
g analytics, and optional
 []


Overfull \hbox (30.59602pt too wide) in paragraph at lines 791--792
\OT1/cmr/m/n/12 Phase-3 includes cross-campus orchestration, plagiarism-assista
nce modules, and automated
 []



[38

]
Overfull \hbox (14.30316pt too wide) in paragraph at lines 808--809
[]\OT1/cmr/m/n/12 The Rust Team, ``The Rust Programming Language,'' https://www
.rust-lang.org/. 
 []


Overfull \hbox (62.19989pt too wide) in paragraph at lines 810--811
[]\OT1/cmr/m/n/12 Monaco Editor Documentation, ``Monaco Editor API,'' https://m
icrosoft.github.io/monaco-
 []



[39

]

[40] (sample.aux)
 ***********
LaTeX2e <2025-11-01>
L3 programming layer <2026-01-19>
 ***********
 ) 
Here is how much of TeX's memory you used:
 2688 strings out of 469806
 45500 string characters out of 2467523
 453576 words of memory out of 3000000
 31302 multiletter control sequences out of 15000+600000
 634545 words of font info for 63 fonts, out of 8000000 for 9000
 0 hyphenation exceptions out of 8191
 59i,11n,67p,651b,273s stack positions out of 5000i,500n,10000p,200000b,80000s
 </Users/mehedihasan/Library/Application Support/MiKTeX/texmfs/data/fonts/pk/
ljfour/jknappen/ec/dpi600/tcrm1200.pk></Users/mehedihasan/Library/Application S
upport/MiKTeX/texmfs/install/fonts/type1/public/amsfonts/cm/cmbx12.pfb></Users/
mehedihasan/Library/Application Support/MiKTeX/texmfs/install/fonts/type1/publi
c/amsfonts/cm/cmmi12.pfb></Users/mehedihasan/Library/Application Support/MiKTeX
/texmfs/install/fonts/type1/public/amsfonts/cm/cmmi8.pfb></Users/mehedihasan/Li
brary/Application Support/MiKTeX/texmfs/install/fonts/type1/public/amsfonts/cm/
cmr12.pfb></Users/mehedihasan/Library/Application Support/MiKTeX/texmfs/install
/fonts/type1/public/amsfonts/cm/cmr8.pfb></Users/mehedihasan/Library/Applicatio
n Support/MiKTeX/texmfs/install/fonts/type1/public/amsfonts/cm/cmsy10.pfb></Use
rs/mehedihasan/Library/Application Support/MiKTeX/texmfs/install/fonts/type1/pu
blic/amsfonts/cm/cmti12.pfb>
Output written on sample.pdf (52 pages, 169688 bytes).
PDF statistics:
 210 PDF objects out of 1000 (max. 8388607)
 0 named destinations out of 1000 (max. 500000)
 1 words of extra memory for PDF output out of 10000 (max. 10000000)

